<?xml version="1.0" encoding="UTF-8"?>
<testsuite name="StrategyTest" tests="1" skipped="0" failures="0" errors="0" timestamp="2021-12-07T15:48:43" hostname="LENOVO" time="0.017">
  <properties/>
  <testcase name="impatientStrategy()" classname="StrategyTest" time="0.017"/>
  <system-out><![CDATA[]]></system-out>
  <system-err><![CDATA[]]></system-err>
</testsuite>
