<?xml version="1.0" encoding="UTF-8"?>
<testsuite name="com.aor.numbers.DivisibleFilterTest" tests="1" skipped="0" failures="0" errors="0" timestamp="2021-11-20T17:20:18" hostname="LENOVO" time="0.011">
  <properties/>
  <testcase name="accept()" classname="com.aor.numbers.DivisibleFilterTest" time="0.011"/>
  <system-out><![CDATA[]]></system-out>
  <system-err><![CDATA[]]></system-err>
</testsuite>
