<?xml version="1.0" encoding="UTF-8"?>
<testsuite name="com.aor.numbers.ListFiltererTest" tests="2" skipped="0" failures="0" errors="0" timestamp="2021-11-20T18:06:09" hostname="LENOVO" time="0.002">
  <properties/>
  <testcase name="filter1()" classname="com.aor.numbers.ListFiltererTest" time="0.001"/>
  <testcase name="filter2()" classname="com.aor.numbers.ListFiltererTest" time="0.001"/>
  <system-out><![CDATA[]]></system-out>
  <system-err><![CDATA[]]></system-err>
</testsuite>
